2025-12-07 21:06:36 [ERROR]: Create todo error: Encryption failed: AES key must be 32 bytes (256 bits), got 27 bytes {"stack":"Error: Encryption failed: AES key must be 32 bytes (256 bits), got 27 bytes\n    at encrypt (C:\\Users\\user\\Downloads\\security-todo-app\\security-todo-app\\utils\\crypto.js:72:11)\n    at createTodo (C:\\Users\\user\\Downloads\\security-todo-app\\security-todo-app\\controllers\\todoController.js:111:47)\n    at Layer.handle [as handle_request] (C:\\Users\\user\\Downloads\\security-todo-app\\security-todo-app\\node_modules\\express\\lib\\router\\layer.js:95:5)\n    at next (C:\\Users\\user\\Downloads\\security-todo-app\\security-todo-app\\node_modules\\express\\lib\\router\\route.js:149:13)\n    at validate (C:\\Users\\user\\Downloads\\security-todo-app\\security-todo-app\\middleware\\validation.js:30:3)\n    at Layer.handle [as handle_request] (C:\\Users\\user\\Downloads\\security-todo-app\\security-todo-app\\node_modules\\express\\lib\\router\\layer.js:95:5)\n    at next (C:\\Users\\user\\Downloads\\security-todo-app\\security-todo-app\\node_modules\\express\\lib\\router\\route.js:149:13)\n    at middleware (C:\\Users\\user\\Downloads\\security-todo-app\\security-todo-app\\node_modules\\express-validator\\lib\\middlewares\\check.js:16:13)\n    at process.processTicksAndRejections (node:internal/process/task_queues:105:5)"}
2025-12-07 21:06:39 [ERROR]: Create todo error: Encryption failed: AES key must be 32 bytes (256 bits), got 27 bytes {"stack":"Error: Encryption failed: AES key must be 32 bytes (256 bits), got 27 bytes\n    at encrypt (C:\\Users\\user\\Downloads\\security-todo-app\\security-todo-app\\utils\\crypto.js:72:11)\n    at createTodo (C:\\Users\\user\\Downloads\\security-todo-app\\security-todo-app\\controllers\\todoController.js:111:47)\n    at Layer.handle [as handle_request] (C:\\Users\\user\\Downloads\\security-todo-app\\security-todo-app\\node_modules\\express\\lib\\router\\layer.js:95:5)\n    at next (C:\\Users\\user\\Downloads\\security-todo-app\\security-todo-app\\node_modules\\express\\lib\\router\\route.js:149:13)\n    at validate (C:\\Users\\user\\Downloads\\security-todo-app\\security-todo-app\\middleware\\validation.js:30:3)\n    at Layer.handle [as handle_request] (C:\\Users\\user\\Downloads\\security-todo-app\\security-todo-app\\node_modules\\express\\lib\\router\\layer.js:95:5)\n    at next (C:\\Users\\user\\Downloads\\security-todo-app\\security-todo-app\\node_modules\\express\\lib\\router\\route.js:149:13)\n    at middleware (C:\\Users\\user\\Downloads\\security-todo-app\\security-todo-app\\node_modules\\express-validator\\lib\\middlewares\\check.js:16:13)\n    at process.processTicksAndRejections (node:internal/process/task_queues:105:5)"}
2025-12-07 21:06:50 [ERROR]: Create todo error: Encryption failed: AES key must be 32 bytes (256 bits), got 27 bytes {"stack":"Error: Encryption failed: AES key must be 32 bytes (256 bits), got 27 bytes\n    at encrypt (C:\\Users\\user\\Downloads\\security-todo-app\\security-todo-app\\utils\\crypto.js:72:11)\n    at createTodo (C:\\Users\\user\\Downloads\\security-todo-app\\security-todo-app\\controllers\\todoController.js:111:47)\n    at Layer.handle [as handle_request] (C:\\Users\\user\\Downloads\\security-todo-app\\security-todo-app\\node_modules\\express\\lib\\router\\layer.js:95:5)\n    at next (C:\\Users\\user\\Downloads\\security-todo-app\\security-todo-app\\node_modules\\express\\lib\\router\\route.js:149:13)\n    at validate (C:\\Users\\user\\Downloads\\security-todo-app\\security-todo-app\\middleware\\validation.js:30:3)\n    at Layer.handle [as handle_request] (C:\\Users\\user\\Downloads\\security-todo-app\\security-todo-app\\node_modules\\express\\lib\\router\\layer.js:95:5)\n    at next (C:\\Users\\user\\Downloads\\security-todo-app\\security-todo-app\\node_modules\\express\\lib\\router\\route.js:149:13)\n    at middleware (C:\\Users\\user\\Downloads\\security-todo-app\\security-todo-app\\node_modules\\express-validator\\lib\\middlewares\\check.js:16:13)\n    at process.processTicksAndRejections (node:internal/process/task_queues:105:5)"}
2025-12-07 21:06:57 [ERROR]: Create todo error: Encryption failed: AES key must be 32 bytes (256 bits), got 27 bytes {"stack":"Error: Encryption failed: AES key must be 32 bytes (256 bits), got 27 bytes\n    at encrypt (C:\\Users\\user\\Downloads\\security-todo-app\\security-todo-app\\utils\\crypto.js:72:11)\n    at createTodo (C:\\Users\\user\\Downloads\\security-todo-app\\security-todo-app\\controllers\\todoController.js:111:47)\n    at Layer.handle [as handle_request] (C:\\Users\\user\\Downloads\\security-todo-app\\security-todo-app\\node_modules\\express\\lib\\router\\layer.js:95:5)\n    at next (C:\\Users\\user\\Downloads\\security-todo-app\\security-todo-app\\node_modules\\express\\lib\\router\\route.js:149:13)\n    at validate (C:\\Users\\user\\Downloads\\security-todo-app\\security-todo-app\\middleware\\validation.js:30:3)\n    at Layer.handle [as handle_request] (C:\\Users\\user\\Downloads\\security-todo-app\\security-todo-app\\node_modules\\express\\lib\\router\\layer.js:95:5)\n    at next (C:\\Users\\user\\Downloads\\security-todo-app\\security-todo-app\\node_modules\\express\\lib\\router\\route.js:149:13)\n    at middleware (C:\\Users\\user\\Downloads\\security-todo-app\\security-todo-app\\node_modules\\express-validator\\lib\\middlewares\\check.js:16:13)\n    at process.processTicksAndRejections (node:internal/process/task_queues:105:5)"}
2025-12-07 21:06:58 [ERROR]: Create todo error: Encryption failed: AES key must be 32 bytes (256 bits), got 27 bytes {"stack":"Error: Encryption failed: AES key must be 32 bytes (256 bits), got 27 bytes\n    at encrypt (C:\\Users\\user\\Downloads\\security-todo-app\\security-todo-app\\utils\\crypto.js:72:11)\n    at createTodo (C:\\Users\\user\\Downloads\\security-todo-app\\security-todo-app\\controllers\\todoController.js:111:47)\n    at Layer.handle [as handle_request] (C:\\Users\\user\\Downloads\\security-todo-app\\security-todo-app\\node_modules\\express\\lib\\router\\layer.js:95:5)\n    at next (C:\\Users\\user\\Downloads\\security-todo-app\\security-todo-app\\node_modules\\express\\lib\\router\\route.js:149:13)\n    at validate (C:\\Users\\user\\Downloads\\security-todo-app\\security-todo-app\\middleware\\validation.js:30:3)\n    at Layer.handle [as handle_request] (C:\\Users\\user\\Downloads\\security-todo-app\\security-todo-app\\node_modules\\express\\lib\\router\\layer.js:95:5)\n    at next (C:\\Users\\user\\Downloads\\security-todo-app\\security-todo-app\\node_modules\\express\\lib\\router\\route.js:149:13)\n    at middleware (C:\\Users\\user\\Downloads\\security-todo-app\\security-todo-app\\node_modules\\express-validator\\lib\\middlewares\\check.js:16:13)\n    at process.processTicksAndRejections (node:internal/process/task_queues:105:5)"}
2025-12-07 21:06:58 [ERROR]: Create todo error: Encryption failed: AES key must be 32 bytes (256 bits), got 27 bytes {"stack":"Error: Encryption failed: AES key must be 32 bytes (256 bits), got 27 bytes\n    at encrypt (C:\\Users\\user\\Downloads\\security-todo-app\\security-todo-app\\utils\\crypto.js:72:11)\n    at createTodo (C:\\Users\\user\\Downloads\\security-todo-app\\security-todo-app\\controllers\\todoController.js:111:47)\n    at Layer.handle [as handle_request] (C:\\Users\\user\\Downloads\\security-todo-app\\security-todo-app\\node_modules\\express\\lib\\router\\layer.js:95:5)\n    at next (C:\\Users\\user\\Downloads\\security-todo-app\\security-todo-app\\node_modules\\express\\lib\\router\\route.js:149:13)\n    at validate (C:\\Users\\user\\Downloads\\security-todo-app\\security-todo-app\\middleware\\validation.js:30:3)\n    at Layer.handle [as handle_request] (C:\\Users\\user\\Downloads\\security-todo-app\\security-todo-app\\node_modules\\express\\lib\\router\\layer.js:95:5)\n    at next (C:\\Users\\user\\Downloads\\security-todo-app\\security-todo-app\\node_modules\\express\\lib\\router\\route.js:149:13)\n    at middleware (C:\\Users\\user\\Downloads\\security-todo-app\\security-todo-app\\node_modules\\express-validator\\lib\\middlewares\\check.js:16:13)\n    at process.processTicksAndRejections (node:internal/process/task_queues:105:5)"}
2025-12-07 21:06:58 [ERROR]: Create todo error: Encryption failed: AES key must be 32 bytes (256 bits), got 27 bytes {"stack":"Error: Encryption failed: AES key must be 32 bytes (256 bits), got 27 bytes\n    at encrypt (C:\\Users\\user\\Downloads\\security-todo-app\\security-todo-app\\utils\\crypto.js:72:11)\n    at createTodo (C:\\Users\\user\\Downloads\\security-todo-app\\security-todo-app\\controllers\\todoController.js:111:47)\n    at Layer.handle [as handle_request] (C:\\Users\\user\\Downloads\\security-todo-app\\security-todo-app\\node_modules\\express\\lib\\router\\layer.js:95:5)\n    at next (C:\\Users\\user\\Downloads\\security-todo-app\\security-todo-app\\node_modules\\express\\lib\\router\\route.js:149:13)\n    at validate (C:\\Users\\user\\Downloads\\security-todo-app\\security-todo-app\\middleware\\validation.js:30:3)\n    at Layer.handle [as handle_request] (C:\\Users\\user\\Downloads\\security-todo-app\\security-todo-app\\node_modules\\express\\lib\\router\\layer.js:95:5)\n    at next (C:\\Users\\user\\Downloads\\security-todo-app\\security-todo-app\\node_modules\\express\\lib\\router\\route.js:149:13)\n    at middleware (C:\\Users\\user\\Downloads\\security-todo-app\\security-todo-app\\node_modules\\express-validator\\lib\\middlewares\\check.js:16:13)\n    at process.processTicksAndRejections (node:internal/process/task_queues:105:5)"}
2025-12-07 21:06:58 [ERROR]: Create todo error: Encryption failed: AES key must be 32 bytes (256 bits), got 27 bytes {"stack":"Error: Encryption failed: AES key must be 32 bytes (256 bits), got 27 bytes\n    at encrypt (C:\\Users\\user\\Downloads\\security-todo-app\\security-todo-app\\utils\\crypto.js:72:11)\n    at createTodo (C:\\Users\\user\\Downloads\\security-todo-app\\security-todo-app\\controllers\\todoController.js:111:47)\n    at Layer.handle [as handle_request] (C:\\Users\\user\\Downloads\\security-todo-app\\security-todo-app\\node_modules\\express\\lib\\router\\layer.js:95:5)\n    at next (C:\\Users\\user\\Downloads\\security-todo-app\\security-todo-app\\node_modules\\express\\lib\\router\\route.js:149:13)\n    at validate (C:\\Users\\user\\Downloads\\security-todo-app\\security-todo-app\\middleware\\validation.js:30:3)\n    at Layer.handle [as handle_request] (C:\\Users\\user\\Downloads\\security-todo-app\\security-todo-app\\node_modules\\express\\lib\\router\\layer.js:95:5)\n    at next (C:\\Users\\user\\Downloads\\security-todo-app\\security-todo-app\\node_modules\\express\\lib\\router\\route.js:149:13)\n    at middleware (C:\\Users\\user\\Downloads\\security-todo-app\\security-todo-app\\node_modules\\express-validator\\lib\\middlewares\\check.js:16:13)\n    at process.processTicksAndRejections (node:internal/process/task_queues:105:5)"}
2025-12-07 21:06:58 [ERROR]: Create todo error: Encryption failed: AES key must be 32 bytes (256 bits), got 27 bytes {"stack":"Error: Encryption failed: AES key must be 32 bytes (256 bits), got 27 bytes\n    at encrypt (C:\\Users\\user\\Downloads\\security-todo-app\\security-todo-app\\utils\\crypto.js:72:11)\n    at createTodo (C:\\Users\\user\\Downloads\\security-todo-app\\security-todo-app\\controllers\\todoController.js:111:47)\n    at Layer.handle [as handle_request] (C:\\Users\\user\\Downloads\\security-todo-app\\security-todo-app\\node_modules\\express\\lib\\router\\layer.js:95:5)\n    at next (C:\\Users\\user\\Downloads\\security-todo-app\\security-todo-app\\node_modules\\express\\lib\\router\\route.js:149:13)\n    at validate (C:\\Users\\user\\Downloads\\security-todo-app\\security-todo-app\\middleware\\validation.js:30:3)\n    at Layer.handle [as handle_request] (C:\\Users\\user\\Downloads\\security-todo-app\\security-todo-app\\node_modules\\express\\lib\\router\\layer.js:95:5)\n    at next (C:\\Users\\user\\Downloads\\security-todo-app\\security-todo-app\\node_modules\\express\\lib\\router\\route.js:149:13)\n    at middleware (C:\\Users\\user\\Downloads\\security-todo-app\\security-todo-app\\node_modules\\express-validator\\lib\\middlewares\\check.js:16:13)\n    at process.processTicksAndRejections (node:internal/process/task_queues:105:5)"}
2025-12-07 21:07:09 [ERROR]: Create todo error: Encryption failed: AES key must be 32 bytes (256 bits), got 27 bytes {"stack":"Error: Encryption failed: AES key must be 32 bytes (256 bits), got 27 bytes\n    at encrypt (C:\\Users\\user\\Downloads\\security-todo-app\\security-todo-app\\utils\\crypto.js:72:11)\n    at createTodo (C:\\Users\\user\\Downloads\\security-todo-app\\security-todo-app\\controllers\\todoController.js:111:47)\n    at Layer.handle [as handle_request] (C:\\Users\\user\\Downloads\\security-todo-app\\security-todo-app\\node_modules\\express\\lib\\router\\layer.js:95:5)\n    at next (C:\\Users\\user\\Downloads\\security-todo-app\\security-todo-app\\node_modules\\express\\lib\\router\\route.js:149:13)\n    at validate (C:\\Users\\user\\Downloads\\security-todo-app\\security-todo-app\\middleware\\validation.js:30:3)\n    at Layer.handle [as handle_request] (C:\\Users\\user\\Downloads\\security-todo-app\\security-todo-app\\node_modules\\express\\lib\\router\\layer.js:95:5)\n    at next (C:\\Users\\user\\Downloads\\security-todo-app\\security-todo-app\\node_modules\\express\\lib\\router\\route.js:149:13)\n    at middleware (C:\\Users\\user\\Downloads\\security-todo-app\\security-todo-app\\node_modules\\express-validator\\lib\\middlewares\\check.js:16:13)\n    at process.processTicksAndRejections (node:internal/process/task_queues:105:5)"}
2025-12-07 21:07:26 [ERROR]: Create todo error: Encryption failed: AES key must be 32 bytes (256 bits), got 27 bytes {"stack":"Error: Encryption failed: AES key must be 32 bytes (256 bits), got 27 bytes\n    at encrypt (C:\\Users\\user\\Downloads\\security-todo-app\\security-todo-app\\utils\\crypto.js:72:11)\n    at createTodo (C:\\Users\\user\\Downloads\\security-todo-app\\security-todo-app\\controllers\\todoController.js:111:47)\n    at Layer.handle [as handle_request] (C:\\Users\\user\\Downloads\\security-todo-app\\security-todo-app\\node_modules\\express\\lib\\router\\layer.js:95:5)\n    at next (C:\\Users\\user\\Downloads\\security-todo-app\\security-todo-app\\node_modules\\express\\lib\\router\\route.js:149:13)\n    at validate (C:\\Users\\user\\Downloads\\security-todo-app\\security-todo-app\\middleware\\validation.js:30:3)\n    at Layer.handle [as handle_request] (C:\\Users\\user\\Downloads\\security-todo-app\\security-todo-app\\node_modules\\express\\lib\\router\\layer.js:95:5)\n    at next (C:\\Users\\user\\Downloads\\security-todo-app\\security-todo-app\\node_modules\\express\\lib\\router\\route.js:149:13)\n    at middleware (C:\\Users\\user\\Downloads\\security-todo-app\\security-todo-app\\node_modules\\express-validator\\lib\\middlewares\\check.js:16:13)\n    at process.processTicksAndRejections (node:internal/process/task_queues:105:5)"}
2025-12-07 21:08:17 [ERROR]: Create todo error: Encryption failed: AES key must be 32 bytes (256 bits), got 27 bytes {"stack":"Error: Encryption failed: AES key must be 32 bytes (256 bits), got 27 bytes\n    at encrypt (C:\\Users\\user\\Downloads\\security-todo-app\\security-todo-app\\utils\\crypto.js:72:11)\n    at createTodo (C:\\Users\\user\\Downloads\\security-todo-app\\security-todo-app\\controllers\\todoController.js:111:47)\n    at Layer.handle [as handle_request] (C:\\Users\\user\\Downloads\\security-todo-app\\security-todo-app\\node_modules\\express\\lib\\router\\layer.js:95:5)\n    at next (C:\\Users\\user\\Downloads\\security-todo-app\\security-todo-app\\node_modules\\express\\lib\\router\\route.js:149:13)\n    at validate (C:\\Users\\user\\Downloads\\security-todo-app\\security-todo-app\\middleware\\validation.js:30:3)\n    at Layer.handle [as handle_request] (C:\\Users\\user\\Downloads\\security-todo-app\\security-todo-app\\node_modules\\express\\lib\\router\\layer.js:95:5)\n    at next (C:\\Users\\user\\Downloads\\security-todo-app\\security-todo-app\\node_modules\\express\\lib\\router\\route.js:149:13)\n    at middleware (C:\\Users\\user\\Downloads\\security-todo-app\\security-todo-app\\node_modules\\express-validator\\lib\\middlewares\\check.js:16:13)\n    at process.processTicksAndRejections (node:internal/process/task_queues:105:5)"}
2025-12-07 21:08:17 [ERROR]: Create todo error: Encryption failed: AES key must be 32 bytes (256 bits), got 27 bytes {"stack":"Error: Encryption failed: AES key must be 32 bytes (256 bits), got 27 bytes\n    at encrypt (C:\\Users\\user\\Downloads\\security-todo-app\\security-todo-app\\utils\\crypto.js:72:11)\n    at createTodo (C:\\Users\\user\\Downloads\\security-todo-app\\security-todo-app\\controllers\\todoController.js:111:47)\n    at Layer.handle [as handle_request] (C:\\Users\\user\\Downloads\\security-todo-app\\security-todo-app\\node_modules\\express\\lib\\router\\layer.js:95:5)\n    at next (C:\\Users\\user\\Downloads\\security-todo-app\\security-todo-app\\node_modules\\express\\lib\\router\\route.js:149:13)\n    at validate (C:\\Users\\user\\Downloads\\security-todo-app\\security-todo-app\\middleware\\validation.js:30:3)\n    at Layer.handle [as handle_request] (C:\\Users\\user\\Downloads\\security-todo-app\\security-todo-app\\node_modules\\express\\lib\\router\\layer.js:95:5)\n    at next (C:\\Users\\user\\Downloads\\security-todo-app\\security-todo-app\\node_modules\\express\\lib\\router\\route.js:149:13)\n    at middleware (C:\\Users\\user\\Downloads\\security-todo-app\\security-todo-app\\node_modules\\express-validator\\lib\\middlewares\\check.js:16:13)\n    at process.processTicksAndRejections (node:internal/process/task_queues:105:5)"}
2025-12-07 21:08:17 [ERROR]: Create todo error: Encryption failed: AES key must be 32 bytes (256 bits), got 27 bytes {"stack":"Error: Encryption failed: AES key must be 32 bytes (256 bits), got 27 bytes\n    at encrypt (C:\\Users\\user\\Downloads\\security-todo-app\\security-todo-app\\utils\\crypto.js:72:11)\n    at createTodo (C:\\Users\\user\\Downloads\\security-todo-app\\security-todo-app\\controllers\\todoController.js:111:47)\n    at Layer.handle [as handle_request] (C:\\Users\\user\\Downloads\\security-todo-app\\security-todo-app\\node_modules\\express\\lib\\router\\layer.js:95:5)\n    at next (C:\\Users\\user\\Downloads\\security-todo-app\\security-todo-app\\node_modules\\express\\lib\\router\\route.js:149:13)\n    at validate (C:\\Users\\user\\Downloads\\security-todo-app\\security-todo-app\\middleware\\validation.js:30:3)\n    at Layer.handle [as handle_request] (C:\\Users\\user\\Downloads\\security-todo-app\\security-todo-app\\node_modules\\express\\lib\\router\\layer.js:95:5)\n    at next (C:\\Users\\user\\Downloads\\security-todo-app\\security-todo-app\\node_modules\\express\\lib\\router\\route.js:149:13)\n    at middleware (C:\\Users\\user\\Downloads\\security-todo-app\\security-todo-app\\node_modules\\express-validator\\lib\\middlewares\\check.js:16:13)\n    at process.processTicksAndRejections (node:internal/process/task_queues:105:5)"}
2025-12-07 21:08:17 [ERROR]: Create todo error: Encryption failed: AES key must be 32 bytes (256 bits), got 27 bytes {"stack":"Error: Encryption failed: AES key must be 32 bytes (256 bits), got 27 bytes\n    at encrypt (C:\\Users\\user\\Downloads\\security-todo-app\\security-todo-app\\utils\\crypto.js:72:11)\n    at createTodo (C:\\Users\\user\\Downloads\\security-todo-app\\security-todo-app\\controllers\\todoController.js:111:47)\n    at Layer.handle [as handle_request] (C:\\Users\\user\\Downloads\\security-todo-app\\security-todo-app\\node_modules\\express\\lib\\router\\layer.js:95:5)\n    at next (C:\\Users\\user\\Downloads\\security-todo-app\\security-todo-app\\node_modules\\express\\lib\\router\\route.js:149:13)\n    at validate (C:\\Users\\user\\Downloads\\security-todo-app\\security-todo-app\\middleware\\validation.js:30:3)\n    at Layer.handle [as handle_request] (C:\\Users\\user\\Downloads\\security-todo-app\\security-todo-app\\node_modules\\express\\lib\\router\\layer.js:95:5)\n    at next (C:\\Users\\user\\Downloads\\security-todo-app\\security-todo-app\\node_modules\\express\\lib\\router\\route.js:149:13)\n    at middleware (C:\\Users\\user\\Downloads\\security-todo-app\\security-todo-app\\node_modules\\express-validator\\lib\\middlewares\\check.js:16:13)\n    at process.processTicksAndRejections (node:internal/process/task_queues:105:5)"}
2025-12-07 21:08:17 [ERROR]: Create todo error: Encryption failed: AES key must be 32 bytes (256 bits), got 27 bytes {"stack":"Error: Encryption failed: AES key must be 32 bytes (256 bits), got 27 bytes\n    at encrypt (C:\\Users\\user\\Downloads\\security-todo-app\\security-todo-app\\utils\\crypto.js:72:11)\n    at createTodo (C:\\Users\\user\\Downloads\\security-todo-app\\security-todo-app\\controllers\\todoController.js:111:47)\n    at Layer.handle [as handle_request] (C:\\Users\\user\\Downloads\\security-todo-app\\security-todo-app\\node_modules\\express\\lib\\router\\layer.js:95:5)\n    at next (C:\\Users\\user\\Downloads\\security-todo-app\\security-todo-app\\node_modules\\express\\lib\\router\\route.js:149:13)\n    at validate (C:\\Users\\user\\Downloads\\security-todo-app\\security-todo-app\\middleware\\validation.js:30:3)\n    at Layer.handle [as handle_request] (C:\\Users\\user\\Downloads\\security-todo-app\\security-todo-app\\node_modules\\express\\lib\\router\\layer.js:95:5)\n    at next (C:\\Users\\user\\Downloads\\security-todo-app\\security-todo-app\\node_modules\\express\\lib\\router\\route.js:149:13)\n    at middleware (C:\\Users\\user\\Downloads\\security-todo-app\\security-todo-app\\node_modules\\express-validator\\lib\\middlewares\\check.js:16:13)\n    at process.processTicksAndRejections (node:internal/process/task_queues:105:5)"}
2025-12-07 21:09:39 [ERROR]: Create todo error: Encryption failed: AES key must be 32 bytes (256 bits), got 27 bytes {"stack":"Error: Encryption failed: AES key must be 32 bytes (256 bits), got 27 bytes\n    at encrypt (C:\\Users\\user\\Downloads\\security-todo-app\\security-todo-app\\utils\\crypto.js:72:11)\n    at createTodo (C:\\Users\\user\\Downloads\\security-todo-app\\security-todo-app\\controllers\\todoController.js:111:47)\n    at Layer.handle [as handle_request] (C:\\Users\\user\\Downloads\\security-todo-app\\security-todo-app\\node_modules\\express\\lib\\router\\layer.js:95:5)\n    at next (C:\\Users\\user\\Downloads\\security-todo-app\\security-todo-app\\node_modules\\express\\lib\\router\\route.js:149:13)\n    at validate (C:\\Users\\user\\Downloads\\security-todo-app\\security-todo-app\\middleware\\validation.js:30:3)\n    at Layer.handle [as handle_request] (C:\\Users\\user\\Downloads\\security-todo-app\\security-todo-app\\node_modules\\express\\lib\\router\\layer.js:95:5)\n    at next (C:\\Users\\user\\Downloads\\security-todo-app\\security-todo-app\\node_modules\\express\\lib\\router\\route.js:149:13)\n    at middleware (C:\\Users\\user\\Downloads\\security-todo-app\\security-todo-app\\node_modules\\express-validator\\lib\\middlewares\\check.js:16:13)\n    at process.processTicksAndRejections (node:internal/process/task_queues:105:5)"}
2025-12-07 21:10:24 [ERROR]: Create todo error: Encryption failed: AES key must be 32 bytes (256 bits), got 27 bytes {"stack":"Error: Encryption failed: AES key must be 32 bytes (256 bits), got 27 bytes\n    at encrypt (C:\\Users\\user\\Downloads\\security-todo-app\\security-todo-app\\utils\\crypto.js:72:11)\n    at createTodo (C:\\Users\\user\\Downloads\\security-todo-app\\security-todo-app\\controllers\\todoController.js:111:47)\n    at Layer.handle [as handle_request] (C:\\Users\\user\\Downloads\\security-todo-app\\security-todo-app\\node_modules\\express\\lib\\router\\layer.js:95:5)\n    at next (C:\\Users\\user\\Downloads\\security-todo-app\\security-todo-app\\node_modules\\express\\lib\\router\\route.js:149:13)\n    at validate (C:\\Users\\user\\Downloads\\security-todo-app\\security-todo-app\\middleware\\validation.js:30:3)\n    at Layer.handle [as handle_request] (C:\\Users\\user\\Downloads\\security-todo-app\\security-todo-app\\node_modules\\express\\lib\\router\\layer.js:95:5)\n    at next (C:\\Users\\user\\Downloads\\security-todo-app\\security-todo-app\\node_modules\\express\\lib\\router\\route.js:149:13)\n    at middleware (C:\\Users\\user\\Downloads\\security-todo-app\\security-todo-app\\node_modules\\express-validator\\lib\\middlewares\\check.js:16:13)\n    at process.processTicksAndRejections (node:internal/process/task_queues:105:5)"}
2025-12-07 21:10:28 [ERROR]: Create todo error: Encryption failed: AES key must be 32 bytes (256 bits), got 27 bytes {"stack":"Error: Encryption failed: AES key must be 32 bytes (256 bits), got 27 bytes\n    at encrypt (C:\\Users\\user\\Downloads\\security-todo-app\\security-todo-app\\utils\\crypto.js:72:11)\n    at createTodo (C:\\Users\\user\\Downloads\\security-todo-app\\security-todo-app\\controllers\\todoController.js:111:47)\n    at Layer.handle [as handle_request] (C:\\Users\\user\\Downloads\\security-todo-app\\security-todo-app\\node_modules\\express\\lib\\router\\layer.js:95:5)\n    at next (C:\\Users\\user\\Downloads\\security-todo-app\\security-todo-app\\node_modules\\express\\lib\\router\\route.js:149:13)\n    at validate (C:\\Users\\user\\Downloads\\security-todo-app\\security-todo-app\\middleware\\validation.js:30:3)\n    at Layer.handle [as handle_request] (C:\\Users\\user\\Downloads\\security-todo-app\\security-todo-app\\node_modules\\express\\lib\\router\\layer.js:95:5)\n    at next (C:\\Users\\user\\Downloads\\security-todo-app\\security-todo-app\\node_modules\\express\\lib\\router\\route.js:149:13)\n    at middleware (C:\\Users\\user\\Downloads\\security-todo-app\\security-todo-app\\node_modules\\express-validator\\lib\\middlewares\\check.js:16:13)\n    at process.processTicksAndRejections (node:internal/process/task_queues:105:5)"}
2025-12-07 21:10:28 [ERROR]: Create todo error: Encryption failed: AES key must be 32 bytes (256 bits), got 27 bytes {"stack":"Error: Encryption failed: AES key must be 32 bytes (256 bits), got 27 bytes\n    at encrypt (C:\\Users\\user\\Downloads\\security-todo-app\\security-todo-app\\utils\\crypto.js:72:11)\n    at createTodo (C:\\Users\\user\\Downloads\\security-todo-app\\security-todo-app\\controllers\\todoController.js:111:47)\n    at Layer.handle [as handle_request] (C:\\Users\\user\\Downloads\\security-todo-app\\security-todo-app\\node_modules\\express\\lib\\router\\layer.js:95:5)\n    at next (C:\\Users\\user\\Downloads\\security-todo-app\\security-todo-app\\node_modules\\express\\lib\\router\\route.js:149:13)\n    at validate (C:\\Users\\user\\Downloads\\security-todo-app\\security-todo-app\\middleware\\validation.js:30:3)\n    at Layer.handle [as handle_request] (C:\\Users\\user\\Downloads\\security-todo-app\\security-todo-app\\node_modules\\express\\lib\\router\\layer.js:95:5)\n    at next (C:\\Users\\user\\Downloads\\security-todo-app\\security-todo-app\\node_modules\\express\\lib\\router\\route.js:149:13)\n    at middleware (C:\\Users\\user\\Downloads\\security-todo-app\\security-todo-app\\node_modules\\express-validator\\lib\\middlewares\\check.js:16:13)\n    at process.processTicksAndRejections (node:internal/process/task_queues:105:5)"}
2025-12-07 21:10:28 [ERROR]: Create todo error: Encryption failed: AES key must be 32 bytes (256 bits), got 27 bytes {"stack":"Error: Encryption failed: AES key must be 32 bytes (256 bits), got 27 bytes\n    at encrypt (C:\\Users\\user\\Downloads\\security-todo-app\\security-todo-app\\utils\\crypto.js:72:11)\n    at createTodo (C:\\Users\\user\\Downloads\\security-todo-app\\security-todo-app\\controllers\\todoController.js:111:47)\n    at Layer.handle [as handle_request] (C:\\Users\\user\\Downloads\\security-todo-app\\security-todo-app\\node_modules\\express\\lib\\router\\layer.js:95:5)\n    at next (C:\\Users\\user\\Downloads\\security-todo-app\\security-todo-app\\node_modules\\express\\lib\\router\\route.js:149:13)\n    at validate (C:\\Users\\user\\Downloads\\security-todo-app\\security-todo-app\\middleware\\validation.js:30:3)\n    at Layer.handle [as handle_request] (C:\\Users\\user\\Downloads\\security-todo-app\\security-todo-app\\node_modules\\express\\lib\\router\\layer.js:95:5)\n    at next (C:\\Users\\user\\Downloads\\security-todo-app\\security-todo-app\\node_modules\\express\\lib\\router\\route.js:149:13)\n    at middleware (C:\\Users\\user\\Downloads\\security-todo-app\\security-todo-app\\node_modules\\express-validator\\lib\\middlewares\\check.js:16:13)\n    at process.processTicksAndRejections (node:internal/process/task_queues:105:5)"}
2025-12-07 21:10:29 [ERROR]: Create todo error: Encryption failed: AES key must be 32 bytes (256 bits), got 27 bytes {"stack":"Error: Encryption failed: AES key must be 32 bytes (256 bits), got 27 bytes\n    at encrypt (C:\\Users\\user\\Downloads\\security-todo-app\\security-todo-app\\utils\\crypto.js:72:11)\n    at createTodo (C:\\Users\\user\\Downloads\\security-todo-app\\security-todo-app\\controllers\\todoController.js:111:47)\n    at Layer.handle [as handle_request] (C:\\Users\\user\\Downloads\\security-todo-app\\security-todo-app\\node_modules\\express\\lib\\router\\layer.js:95:5)\n    at next (C:\\Users\\user\\Downloads\\security-todo-app\\security-todo-app\\node_modules\\express\\lib\\router\\route.js:149:13)\n    at validate (C:\\Users\\user\\Downloads\\security-todo-app\\security-todo-app\\middleware\\validation.js:30:3)\n    at Layer.handle [as handle_request] (C:\\Users\\user\\Downloads\\security-todo-app\\security-todo-app\\node_modules\\express\\lib\\router\\layer.js:95:5)\n    at next (C:\\Users\\user\\Downloads\\security-todo-app\\security-todo-app\\node_modules\\express\\lib\\router\\route.js:149:13)\n    at middleware (C:\\Users\\user\\Downloads\\security-todo-app\\security-todo-app\\node_modules\\express-validator\\lib\\middlewares\\check.js:16:13)\n    at process.processTicksAndRejections (node:internal/process/task_queues:105:5)"}
2025-12-07 21:10:29 [ERROR]: Create todo error: Encryption failed: AES key must be 32 bytes (256 bits), got 27 bytes {"stack":"Error: Encryption failed: AES key must be 32 bytes (256 bits), got 27 bytes\n    at encrypt (C:\\Users\\user\\Downloads\\security-todo-app\\security-todo-app\\utils\\crypto.js:72:11)\n    at createTodo (C:\\Users\\user\\Downloads\\security-todo-app\\security-todo-app\\controllers\\todoController.js:111:47)\n    at Layer.handle [as handle_request] (C:\\Users\\user\\Downloads\\security-todo-app\\security-todo-app\\node_modules\\express\\lib\\router\\layer.js:95:5)\n    at next (C:\\Users\\user\\Downloads\\security-todo-app\\security-todo-app\\node_modules\\express\\lib\\router\\route.js:149:13)\n    at validate (C:\\Users\\user\\Downloads\\security-todo-app\\security-todo-app\\middleware\\validation.js:30:3)\n    at Layer.handle [as handle_request] (C:\\Users\\user\\Downloads\\security-todo-app\\security-todo-app\\node_modules\\express\\lib\\router\\layer.js:95:5)\n    at next (C:\\Users\\user\\Downloads\\security-todo-app\\security-todo-app\\node_modules\\express\\lib\\router\\route.js:149:13)\n    at middleware (C:\\Users\\user\\Downloads\\security-todo-app\\security-todo-app\\node_modules\\express-validator\\lib\\middlewares\\check.js:16:13)\n    at process.processTicksAndRejections (node:internal/process/task_queues:105:5)"}
2025-12-07 21:12:59 [ERROR]: Create todo error: Encryption failed: AES key must be 32 bytes (256 bits), got 27 bytes {"stack":"Error: Encryption failed: AES key must be 32 bytes (256 bits), got 27 bytes\n    at encrypt (C:\\Users\\user\\Downloads\\security-todo-app\\security-todo-app\\utils\\crypto.js:72:11)\n    at createTodo (C:\\Users\\user\\Downloads\\security-todo-app\\security-todo-app\\controllers\\todoController.js:111:47)\n    at Layer.handle [as handle_request] (C:\\Users\\user\\Downloads\\security-todo-app\\security-todo-app\\node_modules\\express\\lib\\router\\layer.js:95:5)\n    at next (C:\\Users\\user\\Downloads\\security-todo-app\\security-todo-app\\node_modules\\express\\lib\\router\\route.js:149:13)\n    at validate (C:\\Users\\user\\Downloads\\security-todo-app\\security-todo-app\\middleware\\validation.js:30:3)\n    at Layer.handle [as handle_request] (C:\\Users\\user\\Downloads\\security-todo-app\\security-todo-app\\node_modules\\express\\lib\\router\\layer.js:95:5)\n    at next (C:\\Users\\user\\Downloads\\security-todo-app\\security-todo-app\\node_modules\\express\\lib\\router\\route.js:149:13)\n    at middleware (C:\\Users\\user\\Downloads\\security-todo-app\\security-todo-app\\node_modules\\express-validator\\lib\\middlewares\\check.js:16:13)\n    at process.processTicksAndRejections (node:internal/process/task_queues:105:5)"}
2025-12-07 21:15:08 [ERROR]: Create todo error: Encryption failed: AES key must be 32 bytes (256 bits), got 27 bytes {"stack":"Error: Encryption failed: AES key must be 32 bytes (256 bits), got 27 bytes\n    at encrypt (C:\\Users\\user\\Downloads\\security-todo-app\\security-todo-app\\utils\\crypto.js:73:11)\n    at createTodo (C:\\Users\\user\\Downloads\\security-todo-app\\security-todo-app\\controllers\\todoController.js:111:47)\n    at Layer.handle [as handle_request] (C:\\Users\\user\\Downloads\\security-todo-app\\security-todo-app\\node_modules\\express\\lib\\router\\layer.js:95:5)\n    at next (C:\\Users\\user\\Downloads\\security-todo-app\\security-todo-app\\node_modules\\express\\lib\\router\\route.js:149:13)\n    at validate (C:\\Users\\user\\Downloads\\security-todo-app\\security-todo-app\\middleware\\validation.js:30:3)\n    at Layer.handle [as handle_request] (C:\\Users\\user\\Downloads\\security-todo-app\\security-todo-app\\node_modules\\express\\lib\\router\\layer.js:95:5)\n    at next (C:\\Users\\user\\Downloads\\security-todo-app\\security-todo-app\\node_modules\\express\\lib\\router\\route.js:149:13)\n    at middleware (C:\\Users\\user\\Downloads\\security-todo-app\\security-todo-app\\node_modules\\express-validator\\lib\\middlewares\\check.js:16:13)\n    at process.processTicksAndRejections (node:internal/process/task_queues:105:5)"}
2025-12-07 21:15:15 [ERROR]: Create todo error: Encryption failed: AES key must be 32 bytes (256 bits), got 27 bytes {"stack":"Error: Encryption failed: AES key must be 32 bytes (256 bits), got 27 bytes\n    at encrypt (C:\\Users\\user\\Downloads\\security-todo-app\\security-todo-app\\utils\\crypto.js:73:11)\n    at createTodo (C:\\Users\\user\\Downloads\\security-todo-app\\security-todo-app\\controllers\\todoController.js:111:47)\n    at Layer.handle [as handle_request] (C:\\Users\\user\\Downloads\\security-todo-app\\security-todo-app\\node_modules\\express\\lib\\router\\layer.js:95:5)\n    at next (C:\\Users\\user\\Downloads\\security-todo-app\\security-todo-app\\node_modules\\express\\lib\\router\\route.js:149:13)\n    at validate (C:\\Users\\user\\Downloads\\security-todo-app\\security-todo-app\\middleware\\validation.js:30:3)\n    at Layer.handle [as handle_request] (C:\\Users\\user\\Downloads\\security-todo-app\\security-todo-app\\node_modules\\express\\lib\\router\\layer.js:95:5)\n    at next (C:\\Users\\user\\Downloads\\security-todo-app\\security-todo-app\\node_modules\\express\\lib\\router\\route.js:149:13)\n    at middleware (C:\\Users\\user\\Downloads\\security-todo-app\\security-todo-app\\node_modules\\express-validator\\lib\\middlewares\\check.js:16:13)\n    at process.processTicksAndRejections (node:internal/process/task_queues:105:5)"}
2025-12-07 21:15:16 [ERROR]: Create todo error: Encryption failed: AES key must be 32 bytes (256 bits), got 27 bytes {"stack":"Error: Encryption failed: AES key must be 32 bytes (256 bits), got 27 bytes\n    at encrypt (C:\\Users\\user\\Downloads\\security-todo-app\\security-todo-app\\utils\\crypto.js:73:11)\n    at createTodo (C:\\Users\\user\\Downloads\\security-todo-app\\security-todo-app\\controllers\\todoController.js:111:47)\n    at Layer.handle [as handle_request] (C:\\Users\\user\\Downloads\\security-todo-app\\security-todo-app\\node_modules\\express\\lib\\router\\layer.js:95:5)\n    at next (C:\\Users\\user\\Downloads\\security-todo-app\\security-todo-app\\node_modules\\express\\lib\\router\\route.js:149:13)\n    at validate (C:\\Users\\user\\Downloads\\security-todo-app\\security-todo-app\\middleware\\validation.js:30:3)\n    at Layer.handle [as handle_request] (C:\\Users\\user\\Downloads\\security-todo-app\\security-todo-app\\node_modules\\express\\lib\\router\\layer.js:95:5)\n    at next (C:\\Users\\user\\Downloads\\security-todo-app\\security-todo-app\\node_modules\\express\\lib\\router\\route.js:149:13)\n    at middleware (C:\\Users\\user\\Downloads\\security-todo-app\\security-todo-app\\node_modules\\express-validator\\lib\\middlewares\\check.js:16:13)\n    at process.processTicksAndRejections (node:internal/process/task_queues:105:5)"}
2025-12-07 21:15:16 [ERROR]: Create todo error: Encryption failed: AES key must be 32 bytes (256 bits), got 27 bytes {"stack":"Error: Encryption failed: AES key must be 32 bytes (256 bits), got 27 bytes\n    at encrypt (C:\\Users\\user\\Downloads\\security-todo-app\\security-todo-app\\utils\\crypto.js:73:11)\n    at createTodo (C:\\Users\\user\\Downloads\\security-todo-app\\security-todo-app\\controllers\\todoController.js:111:47)\n    at Layer.handle [as handle_request] (C:\\Users\\user\\Downloads\\security-todo-app\\security-todo-app\\node_modules\\express\\lib\\router\\layer.js:95:5)\n    at next (C:\\Users\\user\\Downloads\\security-todo-app\\security-todo-app\\node_modules\\express\\lib\\router\\route.js:149:13)\n    at validate (C:\\Users\\user\\Downloads\\security-todo-app\\security-todo-app\\middleware\\validation.js:30:3)\n    at Layer.handle [as handle_request] (C:\\Users\\user\\Downloads\\security-todo-app\\security-todo-app\\node_modules\\express\\lib\\router\\layer.js:95:5)\n    at next (C:\\Users\\user\\Downloads\\security-todo-app\\security-todo-app\\node_modules\\express\\lib\\router\\route.js:149:13)\n    at middleware (C:\\Users\\user\\Downloads\\security-todo-app\\security-todo-app\\node_modules\\express-validator\\lib\\middlewares\\check.js:16:13)\n    at process.processTicksAndRejections (node:internal/process/task_queues:105:5)"}
